2025-06-11 11:11:12,922 - INFO - Data Ingestion Pipleine Started..../
2025-06-11 11:11:12,980 - INFO - Database connection established...
2025-06-11 11:11:14,092 - INFO - Data extracted from DB
2025-06-11 11:11:14,410 - INFO - Data Splitting and saving done
2025-06-11 11:11:14,414 - INFO - End of Data Ingestion Pipline..
2025-06-11 11:35:35,391 - INFO - Data Ingestion Pipleine Started..../
2025-06-11 11:35:35,444 - INFO - Database connection established...
2025-06-11 11:35:36,253 - INFO - Data extracted from DB
2025-06-11 11:35:36,428 - INFO - Data Splitting and saving done
2025-06-11 11:35:36,430 - INFO - End of Data Ingestion Pipline..
2025-06-11 12:35:55,194 - INFO - Data Ingestion Pipleine Started..../
2025-06-11 12:35:55,276 - INFO - Database connection established...
2025-06-11 12:35:56,729 - INFO - Data extracted from DB
2025-06-11 12:35:57,168 - INFO - Data Splitting and saving done
2025-06-11 12:35:57,171 - INFO - End of Data Ingestion Pipline..
2025-06-11 15:20:32,162 - INFO - Your Data Processing is intialized...
2025-06-11 15:20:32,163 - INFO - Starting our Data Processing Pipleine...
2025-06-11 15:20:32,247 - INFO - Read the data sucesfully
2025-06-11 15:20:32,280 - INFO - Data Preprocessing done...
2025-06-11 15:20:32,312 - INFO - Hanled imbalance data sucesfully...
2025-06-11 15:20:40,376 - INFO - Data has been feeded into Feature Store..
2025-06-11 15:20:40,377 - INFO - End of pipeline Data Processing...
2025-06-11 15:21:17,839 - INFO - Your Data Processing is intialized...
2025-06-11 15:21:17,839 - INFO - Starting our Data Processing Pipleine...
2025-06-11 15:21:17,882 - INFO - Read the data sucesfully
2025-06-11 15:21:17,910 - INFO - Data Preprocessing done...
2025-06-11 15:21:17,946 - INFO - Hanled imbalance data sucesfully...
2025-06-11 15:21:26,777 - INFO - Data has been feeded into Feature Store..
2025-06-11 15:21:26,778 - INFO - End of pipeline Data Processing...
2025-06-11 15:27:00,185 - INFO - Your Data Processing is intialized...
2025-06-11 15:27:00,186 - INFO - Starting our Data Processing Pipleine...
2025-06-11 15:27:00,300 - INFO - Read the data sucesfully
2025-06-11 15:27:00,368 - INFO - Data Preprocessing done...
2025-06-11 15:27:00,436 - INFO - Hanled imbalance data sucesfully...
2025-06-11 15:27:14,151 - INFO - Data has been feeded into Feature Store..
2025-06-11 15:27:14,153 - INFO - End of pipeline Data Processing...
2025-06-11 15:41:29,847 - INFO - Data Ingestion Pipleine Started..../
2025-06-11 15:41:29,892 - INFO - Database connection established...
2025-06-11 15:41:30,773 - INFO - Data extracted from DB
2025-06-11 15:41:31,009 - INFO - Data Splitting and saving done
2025-06-11 15:41:31,012 - INFO - End of Data Ingestion Pipline..
2025-06-11 15:42:59,114 - INFO - Model Training initialized...
2025-06-11 15:42:59,114 - INFO - Starting Model Training Pipleine....
2025-06-11 15:42:59,237 - INFO - Extracting data from Redis
2025-06-11 15:43:07,147 - INFO - Extracting data from Redis
2025-06-11 15:43:08,888 - ERROR - Error while preparing data "['Churn'] not found in axis"
2025-06-11 15:43:08,888 - ERROR - Error while model training pipeline CustomException.__init__() missing 1 required positional argument: 'error_detail'
2025-06-11 15:45:36,513 - INFO - Model Training initialized...
2025-06-11 15:45:36,514 - INFO - Starting Model Training Pipleine....
2025-06-11 15:45:36,558 - INFO - Extracting data from Redis
2025-06-11 15:45:44,622 - INFO - Extracting data from Redis
2025-06-11 15:45:46,539 - ERROR - Error while preparing data 'Churn'
2025-06-11 15:45:46,539 - ERROR - Error while model training pipeline CustomException.__init__() missing 1 required positional argument: 'error_detail'
2025-06-11 15:48:48,565 - INFO - Model Training initialized...
2025-06-11 15:48:48,566 - INFO - Starting Model Training Pipleine....
2025-06-11 15:48:48,603 - INFO - Extracting data from Redis
2025-06-11 15:48:53,888 - INFO - Extracting data from Redis
2025-06-11 15:48:55,191 - ERROR - Error while preparing data 'Churn'
2025-06-11 15:48:55,191 - ERROR - Error while model training pipeline CustomException.__init__() missing 1 required positional argument: 'error_detail'
2025-06-11 15:50:12,872 - INFO - Model Training initialized...
2025-06-11 15:50:12,873 - INFO - Starting Model Training Pipleine....
2025-06-11 15:50:12,932 - INFO - Extracting data from Redis
2025-06-11 15:50:20,872 - INFO - Extracting data from Redis
2025-06-11 15:50:22,876 - INFO - Index(['TotalCharges', 'Month-to-month', 'One year', 'Two year',
       'PhoneService', 'tenure'],
      dtype='object')
2025-06-11 15:50:22,880 - ERROR - Error while preparing data 'Churn'
2025-06-11 15:50:22,880 - ERROR - Error while model training pipeline CustomException.__init__() missing 1 required positional argument: 'error_detail'
2025-06-11 15:52:50,439 - INFO - Your Data Processing is intialized...
2025-06-11 15:52:50,440 - INFO - Starting our Data Processing Pipleine...
2025-06-11 15:52:50,571 - INFO - Read the data sucesfully
2025-06-11 15:52:50,644 - INFO - Data Preprocessing done...
2025-06-11 15:52:50,713 - INFO - Hanled imbalance data sucesfully...
2025-06-11 15:53:01,013 - INFO - Data has been feeded into Feature Store..
2025-06-11 15:53:01,014 - INFO - End of pipeline Data Processing...
2025-06-11 15:53:34,207 - INFO - Model Training initialized...
2025-06-11 15:53:34,208 - INFO - Starting Model Training Pipleine....
2025-06-11 15:53:34,245 - INFO - Extracting data from Redis
2025-06-11 15:53:39,377 - INFO - Extracting data from Redis
2025-06-11 15:53:40,713 - INFO - Index(['TotalCharges', 'Month-to-month', 'One year', 'Two year',
       'PhoneService', 'tenure', 'Churn'],
      dtype='object')
2025-06-11 15:53:40,718 - INFO - Index(['TotalCharges', 'Month-to-month', 'One year', 'Two year',
       'PhoneService', 'tenure'],
      dtype='object')
2025-06-11 15:53:40,720 - INFO - Preparation for Model Training completed
2025-06-11 15:54:32,927 - INFO - Best paramters : {'n_estimators': 300, 'min_samples_split': 2, 'min_samples_leaf': 2, 'max_depth': 10}
2025-06-11 15:54:33,063 - INFO - Accuracy is 0.7724444444444445
2025-06-11 15:54:33,120 - INFO - Model saved at artifacts/models/random_forest_model.pkl
2025-06-11 15:54:33,122 - INFO - End of Model Training pipeline...
2025-06-11 16:01:38,252 - INFO - Data Ingestion Pipleine Started..../
2025-06-11 16:01:38,338 - INFO - Database connection established...
2025-06-11 16:01:39,797 - INFO - Data extracted from DB
2025-06-11 16:01:40,078 - INFO - Data Splitting and saving done
2025-06-11 16:01:40,082 - INFO - End of Data Ingestion Pipline..
2025-06-11 16:01:40,093 - INFO - Your Data Processing is intialized...
2025-06-11 16:01:40,093 - INFO - Starting our Data Processing Pipleine...
2025-06-11 16:01:40,193 - INFO - Read the data sucesfully
2025-06-11 16:01:40,232 - INFO - Data Preprocessing done...
2025-06-11 16:01:40,269 - INFO - Hanled imbalance data sucesfully...
2025-06-11 16:01:54,068 - INFO - Data has been feeded into Feature Store..
2025-06-11 16:01:54,070 - INFO - End of pipeline Data Processing...
2025-06-11 16:01:54,072 - INFO - Model Training initialized...
2025-06-11 16:01:54,072 - INFO - Starting Model Training Pipleine....
2025-06-11 16:01:54,202 - INFO - Extracting data from Redis
2025-06-11 16:02:02,816 - INFO - Extracting data from Redis
2025-06-11 16:02:04,967 - INFO - Index(['TotalCharges', 'Month-to-month', 'One year', 'Two year',
       'PhoneService', 'tenure', 'Churn'],
      dtype='object')
2025-06-11 16:02:04,974 - INFO - Index(['TotalCharges', 'Month-to-month', 'One year', 'Two year',
       'PhoneService', 'tenure'],
      dtype='object')
2025-06-11 16:02:04,977 - INFO - Preparation for Model Training completed
2025-06-11 16:03:06,546 - INFO - Best paramters : {'n_estimators': 300, 'min_samples_split': 2, 'min_samples_leaf': 2, 'max_depth': 10}
2025-06-11 16:03:06,625 - INFO - Accuracy is 0.7724444444444445
2025-06-11 16:03:06,742 - INFO - Model saved at artifacts/models/random_forest_model.pkl
2025-06-11 16:03:06,743 - INFO - End of Model Training pipeline...
2025-06-11 21:31:24,116 - INFO - [31m[1mWARNING: This is a development server. Do not use it in a production deployment. Use a production WSGI server instead.[0m
 * Running on all addresses (0.0.0.0)
 * Running on http://127.0.0.1:5000
 * Running on http://192.168.1.111:5000
2025-06-11 21:31:24,117 - INFO - [33mPress CTRL+C to quit[0m
2025-06-11 21:31:24,124 - INFO -  * Restarting with stat
2025-06-11 21:31:31,053 - WARNING -  * Debugger is active!
2025-06-11 21:31:31,059 - INFO -  * Debugger PIN: 810-442-478
2025-06-11 21:37:33,604 - INFO - [31m[1mWARNING: This is a development server. Do not use it in a production deployment. Use a production WSGI server instead.[0m
 * Running on all addresses (0.0.0.0)
 * Running on http://127.0.0.1:5000
 * Running on http://192.168.1.111:5000
2025-06-11 21:37:33,605 - INFO - [33mPress CTRL+C to quit[0m
2025-06-11 21:37:33,609 - INFO -  * Restarting with stat
2025-06-11 21:37:37,772 - WARNING -  * Debugger is active!
2025-06-11 21:37:37,778 - INFO -  * Debugger PIN: 810-442-478
2025-06-11 21:38:40,589 - INFO -  * Detected change in 'C:\\Users\\eaditb\\Documents\\EB_MLOPS_MID_PROJECT_1\\venv\\application.py', reloading
2025-06-11 21:38:41,022 - INFO -  * Restarting with stat
2025-06-11 21:38:45,109 - WARNING -  * Debugger is active!
2025-06-11 21:38:45,114 - INFO -  * Debugger PIN: 810-442-478
2025-06-11 21:41:08,892 - INFO - [31m[1mWARNING: This is a development server. Do not use it in a production deployment. Use a production WSGI server instead.[0m
 * Running on all addresses (0.0.0.0)
 * Running on http://127.0.0.1:5000
 * Running on http://192.168.1.111:5000
2025-06-11 21:41:08,894 - INFO - [33mPress CTRL+C to quit[0m
2025-06-11 21:41:08,900 - INFO -  * Restarting with stat
2025-06-11 21:41:31,612 - WARNING -  * Debugger is active!
2025-06-11 21:41:31,658 - INFO -  * Debugger PIN: 810-442-478
2025-06-11 23:11:39,139 - INFO - [31m[1mWARNING: This is a development server. Do not use it in a production deployment. Use a production WSGI server instead.[0m
 * Running on all addresses (0.0.0.0)
 * Running on http://127.0.0.1:5000
 * Running on http://192.168.1.111:5000
2025-06-11 23:11:39,140 - INFO - [33mPress CTRL+C to quit[0m
2025-06-11 23:11:39,144 - INFO -  * Restarting with stat
2025-06-11 23:11:42,412 - WARNING -  * Debugger is active!
2025-06-11 23:11:42,416 - INFO -  * Debugger PIN: 810-442-478
